<?xml version="1.0" encoding="UTF-8"?>
<!-- Generated by org.testng.reporters.JUnitReportReporter -->
<testsuite hostname="neha" failures="0" tests="2" name="qaclickacademy.SeleniumTest" time="0.021" errors="0" timestamp="2021-03-11T17:59:40 PST" skipped="0">
  <testcase classname="qaclickacademy.SeleniumTest" name="elementsUi" time="0.004"/>
  <system-out/>
  <testcase classname="qaclickacademy.SeleniumTest" name="BrowserAUtomation" time="0.017"/>
  <system-out/>
</testsuite> <!-- qaclickacademy.SeleniumTest -->
