<?xml version="1.0" encoding="UTF-8"?>
<!-- Generated by org.testng.reporters.JUnitReportReporter -->
<testsuite hostname="neha" failures="0" tests="2" name="qaclickacademy.AppiumTest" time="0.056" errors="0" timestamp="2021-03-11T13:52:40 PST" skipped="0">
  <testcase classname="qaclickacademy.AppiumTest" name="IOSApps" time="0.050"/>
  <system-out/>
  <testcase classname="qaclickacademy.AppiumTest" name="NativeAPpAndroid" time="0.006"/>
  <system-out/>
</testsuite> <!-- qaclickacademy.AppiumTest -->
