<?xml version="1.0" encoding="UTF-8"?>
<!-- Generated by org.testng.reporters.JUnitReportReporter -->
<testsuite hostname="neha" failures="0" tests="4" name="test1" time="0.052" errors="0" timestamp="2021-02-21T20:07:56 PST" skipped="0">
  <testcase classname="test1" name="streamFilter" time="0.007"/>
  <system-out/>
  <testcase classname="test1" name="streamMap" time="0.014"/>
  <system-out/>
  <testcase classname="test1" name="regular" time="0.026"/>
  <system-out/>
  <testcase classname="test1" name="streamcollect" time="0.005"/>
  <system-out/>
</testsuite> <!-- test1 -->
