<?xml version="1.0" encoding="UTF-8"?>
<!-- Generated by org.testng.reporters.JUnitReportReporter -->
<testsuite hostname="neha" failures="0" tests="2" name="Day1" time="0.025" errors="0" timestamp="2021-03-05T17:44:16 PST" skipped="0">
  <testcase classname="Day1" name="Demo" time="0.016"/>
  <system-out/>
  <testcase classname="Day1" name="SecondTest" time="0.009"/>
  <system-out/>
</testsuite> <!-- Day1 -->
