<?xml version="1.0" encoding="UTF-8"?>
<!-- Generated by org.testng.reporters.JUnitReportReporter -->
<testsuite hostname="neha" failures="0" tests="3" name="Test.Day3" time="0.023" errors="0" timestamp="2021-03-07T18:28:46 PST" skipped="0">
  <testcase classname="Test.Day3" name="MobileLoginCarLoan" time="0.006"/>
  <system-out/>
  <testcase classname="Test.Day3" name="WebLoginCarLoan" time="0.005"/>
  <system-out/>
  <testcase classname="Test.Day3" name="LoginAPICarLoan" time="0.012"/>
  <system-out/>
</testsuite> <!-- Test.Day3 -->
