<?xml version="1.0" encoding="UTF-8"?>
<!-- Generated by org.testng.reporters.JUnitReportReporter -->
<testsuite hostname="neha" failures="0" tests="1" name="Test.Day2" time="0.017" errors="0" timestamp="2021-03-08T13:09:31 PST" skipped="0">
  <testcase classname="Test.Day2" name="pLoan" time="0.017"/>
  <system-out/>
</testsuite> <!-- Test.Day2 -->
