<?xml version="1.0" encoding="UTF-8"?>
<!-- Generated by org.testng.reporters.JUnitReportReporter -->
<testsuite hostname="neha" failures="0" tests="2" name="Test.Day1" time="0.021" errors="0" timestamp="2021-03-07T18:28:46 PST" skipped="0">
  <testcase classname="Test.Day1" name="SecondTest" time="0.003"/>
  <system-out/>
  <testcase classname="Test.Day1" name="Demo" time="0.018"/>
  <system-out/>
</testsuite> <!-- Test.Day1 -->
